2025-07-04 21:58:33 - === 数据库启动脚本开始执行 ===
2025-07-04 21:58:33 - STEP: 开始启动数据库服务...
2025-07-04 21:58:33 - INFO: 日志文件: database_startup_20250704_215833.log
2025-07-04 21:58:33 - HEADER: 第一步：系统环境检查
2025-07-04 21:58:33 - SUCCESS: docker 已安装: Docker version 28.1.1, build 4eba377
2025-07-04 21:58:34 - SUCCESS: docker-compose 已安装: Docker Compose version v2.35.1-desktop.1
2025-07-04 21:58:34 - INFO: 检查Docker服务状态...
2025-07-04 21:58:34 - SUCCESS: Docker服务正常运行
2025-07-04 21:58:34 - INFO: 检查必要文件...
2025-07-04 21:58:34 - SUCCESS: docker-compose.yml 文件存在 (1.6K)
2025-07-04 21:58:34 - SUCCESS: database_setup.sql 文件存在 (42K)
2025-07-04 21:58:34 - INFO: 检查端口占用...
2025-07-04 21:58:34 - INFO: 检查系统资源 (Windows)...
2025-07-04 21:58:34 - INFO: 可用内存: 31847.8671875MB
2025-07-04 21:58:34 - INFO: 可用磁盘空间: 695.180213928223GB
2025-07-04 21:58:34 - HEADER: 第二步：智能容器管理
2025-07-04 21:58:35 - STEP: 检查现有容器状态并智能管理...
2025-07-04 21:58:35 - INFO: === MySQL容器检查 ===
2025-07-04 21:58:35 - INFO: 检查 mysql 容器健康状态...
2025-07-04 21:58:35 - INFO: mysql 容器不存在
