2025-06-24T09:17:42.548+08:00  INFO 27468 --- [field-work-system] [restartedMain] com.internship.Application               : Starting Application using Java 17.0.15 with PID 27468 (D:\mavenProject\graduation_field_work_code\target\classes started by 86180 in D:\mavenProject\graduation_field_work_code)
2025-06-24T09:17:42.555+08:00 DEBUG 27468 --- [field-work-system] [restartedMain] com.internship.Application               : Running with Spring Boot v3.2.1, Spring v6.1.2
2025-06-24T09:17:42.556+08:00  INFO 27468 --- [field-work-system] [restartedMain] com.internship.Application               : The following 1 profile is active: "dev"
2025-06-24T09:17:42.605+08:00  INFO 27468 --- [field-work-system] [restartedMain] o.s.b.devtools.restart.ChangeableUrls    : The Class-Path manifest attribute in D:\repository\com\oracle\database\jdbc\ojdbc8\23.3.0.23.09\ojdbc8-23.3.0.23.09.jar referenced one or more files that do not exist: file:/D:/repository/com/oracle/database/jdbc/ojdbc8/23.3.0.23.09/oraclepki.jar
2025-06-24T09:17:42.606+08:00  INFO 27468 --- [field-work-system] [restartedMain] .e.DevToolsPropertyDefaultsPostProcessor : Devtools property defaults active! Set 'spring.devtools.add-properties' to 'false' to disable
2025-06-24T09:17:42.606+08:00  INFO 27468 --- [field-work-system] [restartedMain] .e.DevToolsPropertyDefaultsPostProcessor : For additional web related logging consider setting the 'logging.level.web' property to 'DEBUG'
2025-06-24T09:17:43.472+08:00  INFO 27468 --- [field-work-system] [restartedMain] .s.d.r.c.RepositoryConfigurationDelegate : Multiple Spring Data modules found, entering strict repository configuration mode
2025-06-24T09:17:43.474+08:00  INFO 27468 --- [field-work-system] [restartedMain] .s.d.r.c.RepositoryConfigurationDelegate : Bootstrapping Spring Data JPA repositories in DEFAULT mode.
2025-06-24T09:17:43.638+08:00  INFO 27468 --- [field-work-system] [restartedMain] .s.d.r.c.RepositoryConfigurationDelegate : Finished Spring Data repository scanning in 156 ms. Found 1 JPA repository interface.
2025-06-24T09:17:44.322+08:00  INFO 27468 --- [field-work-system] [restartedMain] o.s.b.w.embedded.tomcat.TomcatWebServer  : Tomcat initialized with port 8080 (http)
2025-06-24T09:17:44.325+08:00  INFO 27468 --- [field-work-system] [restartedMain] o.a.catalina.core.AprLifecycleListener   : An older version [1.3.1] of the Apache Tomcat Native library is installed, while Tomcat recommends a minimum version of [2.0.5]
2025-06-24T09:17:44.325+08:00  INFO 27468 --- [field-work-system] [restartedMain] o.a.catalina.core.AprLifecycleListener   : Loaded Apache Tomcat Native library [1.3.1] using APR version [1.7.4].
2025-06-24T09:17:44.329+08:00  INFO 27468 --- [field-work-system] [restartedMain] o.a.catalina.core.AprLifecycleListener   : OpenSSL successfully initialized [OpenSSL 3.0.14 4 Jun 2024]
2025-06-24T09:17:44.337+08:00  INFO 27468 --- [field-work-system] [restartedMain] o.apache.catalina.core.StandardService   : Starting service [Tomcat]
2025-06-24T09:17:44.338+08:00  INFO 27468 --- [field-work-system] [restartedMain] o.apache.catalina.core.StandardEngine    : Starting Servlet engine: [Apache Tomcat/10.1.17]
2025-06-24T09:17:44.501+08:00  INFO 27468 --- [field-work-system] [restartedMain] o.a.c.c.C.[Tomcat].[localhost].[/]       : Initializing Spring embedded WebApplicationContext
2025-06-24T09:17:44.501+08:00  INFO 27468 --- [field-work-system] [restartedMain] w.s.c.ServletWebServerApplicationContext : Root WebApplicationContext: initialization completed in 1894 ms
2025-06-24T09:17:44.655+08:00  INFO 27468 --- [field-work-system] [restartedMain] o.hibernate.jpa.internal.util.LogHelper  : HHH000204: Processing PersistenceUnitInfo [name: default]
2025-06-24T09:17:44.724+08:00  INFO 27468 --- [field-work-system] [restartedMain] org.hibernate.Version                    : HHH000412: Hibernate ORM core version 6.4.1.Final
2025-06-24T09:17:44.768+08:00  INFO 27468 --- [field-work-system] [restartedMain] o.h.c.internal.RegionFactoryInitiator    : HHH000026: Second-level cache disabled
2025-06-24T09:17:45.010+08:00  INFO 27468 --- [field-work-system] [restartedMain] o.s.o.j.p.SpringPersistenceUnitInfo      : No LoadTimeWeaver setup: ignoring JPA class transformer
2025-06-24T09:17:45.040+08:00  INFO 27468 --- [field-work-system] [restartedMain] com.zaxxer.hikari.HikariDataSource       : HikariPool-1 - Starting...
2025-06-24T09:17:45.269+08:00  INFO 27468 --- [field-work-system] [restartedMain] com.zaxxer.hikari.pool.HikariPool        : HikariPool-1 - Added connection com.mysql.cj.jdbc.ConnectionImpl@3609848c
2025-06-24T09:17:45.271+08:00  INFO 27468 --- [field-work-system] [restartedMain] com.zaxxer.hikari.HikariDataSource       : HikariPool-1 - Start completed.
2025-06-24T09:17:45.328+08:00  WARN 27468 --- [field-work-system] [restartedMain] org.hibernate.orm.deprecation            : HHH90000025: MySQLDialect does not need to be specified explicitly using 'hibernate.dialect' (remove the property setting and it will be selected by default)
2025-06-24T09:17:46.428+08:00  INFO 27468 --- [field-work-system] [restartedMain] o.h.e.t.j.p.i.JtaPlatformInitiator       : HHH000489: No JTA platform available (set 'hibernate.transaction.jta.platform' to enable JTA platform integration)
2025-06-24T09:17:46.491+08:00  INFO 27468 --- [field-work-system] [restartedMain] j.LocalContainerEntityManagerFactoryBean : Initialized JPA EntityManagerFactory for persistence unit 'default'
2025-06-24T09:17:46.765+08:00  INFO 27468 --- [field-work-system] [restartedMain] o.s.d.j.r.query.QueryEnhancerFactory     : JSqlParser is in classpath; If applicable, JSqlParser will be used
2025-06-24T09:17:46.766+08:00  INFO 27468 --- [field-work-system] [restartedMain] o.s.d.j.r.query.QueryEnhancerFactory     : Hibernate is in classpath; If applicable, HQL parser will be used.
2025-06-24T09:17:47.180+08:00  WARN 27468 --- [field-work-system] [restartedMain] JpaBaseConfiguration$JpaWebConfiguration : spring.jpa.open-in-view is enabled by default. Therefore, database queries may be performed during view rendering. Explicitly configure spring.jpa.open-in-view to disable this warning
2025-06-24T09:17:47.639+08:00  INFO 27468 --- [field-work-system] [restartedMain] o.s.b.d.a.OptionalLiveReloadServer       : LiveReload server is running on port 35729
2025-06-24T09:17:47.674+08:00  INFO 27468 --- [field-work-system] [restartedMain] o.s.b.w.embedded.tomcat.TomcatWebServer  : Tomcat started on port 8080 (http) with context path ''
2025-06-24T09:17:47.681+08:00  INFO 27468 --- [field-work-system] [restartedMain] com.internship.Application               : Started Application in 5.576 seconds (process running for 7.176)
2025-06-24T09:25:53.823+08:00  INFO 27468 --- [field-work-system] [SpringApplicationShutdownHook] j.LocalContainerEntityManagerFactoryBean : Closing JPA EntityManagerFactory for persistence unit 'default'
2025-06-24T09:25:53.835+08:00  INFO 27468 --- [field-work-system] [SpringApplicationShutdownHook] com.zaxxer.hikari.HikariDataSource       : HikariPool-1 - Shutdown initiated...
2025-06-24T09:25:53.873+08:00  INFO 27468 --- [field-work-system] [SpringApplicationShutdownHook] com.zaxxer.hikari.HikariDataSource       : HikariPool-1 - Shutdown completed.
